<?xml version="1.0" encoding="UTF-8"?>
<testsuite xmlns:xsi="http://www.w3.org/2001/XMLSchema-instance" xsi:noNamespaceSchemaLocation="https://maven.apache.org/surefire/maven-surefire-plugin/xsd/surefire-test-report.xsd" name="com.hz.startSpring.AppTest" time="0.026" tests="1" errors="0" skipped="0" failures="0">
  <properties>
    <property name="user.variant" value=""/>
    <property name="java.vm.info" value="mixed mode"/>
    <property name="file.encoding.pkg" value="sun.io"/>
    <property name="file.encoding" value="GBK"/>
    <property name="java.specification.name" value="Java Platform API Specification"/>
    <property name="sun.os.patch.level" value=""/>
    <property name="user.dir" value="F:\jp_j2se\startSpring"/>
    <property name="line.separator" value="&#10;"/>
    <property name="java.home" value="E:\Java\jdk1.7.0_80\jre"/>
    <property name="user.name" value="lenovo"/>
    <property name="sun.boot.library.path" value="E:\Java\jdk1.7.0_80\jre\bin"/>
    <property name="user.home" value="C:\Users\lenovo"/>
    <property name="localRepository" value="C:\Users\lenovo\.m2\repository"/>
    <property name="sun.java.launcher" value="SUN_STANDARD"/>
    <property name="java.class.version" value="51.0"/>
    <property name="user.language" value="zh"/>
    <property name="java.vendor.url.bug" value="http://bugreport.sun.com/bugreport/"/>
    <property name="sun.jnu.encoding" value="GBK"/>
    <property name="java.io.tmpdir" value="C:\Users\lenovo\AppData\Local\Temp\"/>
    <property name="java.specification.vendor" value="Oracle Corporation"/>
    <property name="file.separator" value="\"/>
    <property name="java.class.path" value="F:\jp_j2se\startSpring\target\test-classes;F:\jp_j2se\startSpring\target\classes;C:\Users\lenovo\.m2\repository\junit\junit\4.11\junit-4.11.jar;C:\Users\lenovo\.m2\repository\org\hamcrest\hamcrest-core\1.3\hamcrest-core-1.3.jar;C:\Users\lenovo\.m2\repository\cglib\cglib\2.2.2\cglib-2.2.2.jar;C:\Users\lenovo\.m2\repository\asm\asm\3.3.1\asm-3.3.1.jar;C:\Users\lenovo\.m2\repository\org\aspectj\aspectjrt\1.8.13\aspectjrt-1.8.13.jar;C:\Users\lenovo\.m2\repository\javax\annotation\jsr250-api\1.0\jsr250-api-1.0.jar;C:\Users\lenovo\.m2\repository\org\springframework\spring-core\4.1.1.RELEASE\spring-core-4.1.1.RELEASE.jar;C:\Users\lenovo\.m2\repository\commons-logging\commons-logging\1.1.3\commons-logging-1.1.3.jar;C:\Users\lenovo\.m2\repository\org\springframework\spring-web\4.1.1.RELEASE\spring-web-4.1.1.RELEASE.jar;C:\Users\lenovo\.m2\repository\org\springframework\spring-beans\4.1.1.RELEASE\spring-beans-4.1.1.RELEASE.jar;C:\Users\lenovo\.m2\repository\org\springframework\spring-context\4.1.1.RELEASE\spring-context-4.1.1.RELEASE.jar;C:\Users\lenovo\.m2\repository\org\springframework\spring-oxm\4.1.1.RELEASE\spring-oxm-4.1.1.RELEASE.jar;C:\Users\lenovo\.m2\repository\org\springframework\spring-tx\4.1.1.RELEASE\spring-tx-4.1.1.RELEASE.jar;C:\Users\lenovo\.m2\repository\org\springframework\spring-jdbc\4.1.1.RELEASE\spring-jdbc-4.1.1.RELEASE.jar;C:\Users\lenovo\.m2\repository\org\springframework\spring-webmvc\4.1.1.RELEASE\spring-webmvc-4.1.1.RELEASE.jar;C:\Users\lenovo\.m2\repository\org\springframework\spring-expression\4.1.1.RELEASE\spring-expression-4.1.1.RELEASE.jar;C:\Users\lenovo\.m2\repository\org\springframework\spring-aop\4.1.1.RELEASE\spring-aop-4.1.1.RELEASE.jar;C:\Users\lenovo\.m2\repository\aopalliance\aopalliance\1.0\aopalliance-1.0.jar;C:\Users\lenovo\.m2\repository\org\springframework\spring-context-support\4.1.1.RELEASE\spring-context-support-4.1.1.RELEASE.jar;C:\Users\lenovo\.m2\repository\org\springframework\spring-test\4.1.1.RELEASE\spring-test-4.1.1.RELEASE.jar;C:\Users\lenovo\.m2\repository\com\alibaba\fastjson\1.2.49\fastjson-1.2.49.jar;"/>
    <property name="java.vm.vendor" value="Oracle Corporation"/>
    <property name="sun.cpu.endian" value="little"/>
    <property name="java.vm.specification.vendor" value="Oracle Corporation"/>
    <property name="java.specification.version" value="1.7"/>
    <property name="user.script" value=""/>
    <property name="awt.toolkit" value="sun.awt.windows.WToolkit"/>
    <property name="sun.java.command" value="C:\Users\lenovo\AppData\Local\Temp\surefire4783830086605368761\surefirebooter1597040751167874565.jar C:\Users\lenovo\AppData\Local\Temp\surefire4783830086605368761 2018-10-10T21-43-13_793-jvmRun1 surefire4513874677480138358tmp surefire_0490580245454020963tmp"/>
    <property name="user.timezone" value=""/>
    <property name="surefire.test.class.path" value="F:\jp_j2se\startSpring\target\test-classes;F:\jp_j2se\startSpring\target\classes;C:\Users\lenovo\.m2\repository\junit\junit\4.11\junit-4.11.jar;C:\Users\lenovo\.m2\repository\org\hamcrest\hamcrest-core\1.3\hamcrest-core-1.3.jar;C:\Users\lenovo\.m2\repository\cglib\cglib\2.2.2\cglib-2.2.2.jar;C:\Users\lenovo\.m2\repository\asm\asm\3.3.1\asm-3.3.1.jar;C:\Users\lenovo\.m2\repository\org\aspectj\aspectjrt\1.8.13\aspectjrt-1.8.13.jar;C:\Users\lenovo\.m2\repository\javax\annotation\jsr250-api\1.0\jsr250-api-1.0.jar;C:\Users\lenovo\.m2\repository\org\springframework\spring-core\4.1.1.RELEASE\spring-core-4.1.1.RELEASE.jar;C:\Users\lenovo\.m2\repository\commons-logging\commons-logging\1.1.3\commons-logging-1.1.3.jar;C:\Users\lenovo\.m2\repository\org\springframework\spring-web\4.1.1.RELEASE\spring-web-4.1.1.RELEASE.jar;C:\Users\lenovo\.m2\repository\org\springframework\spring-beans\4.1.1.RELEASE\spring-beans-4.1.1.RELEASE.jar;C:\Users\lenovo\.m2\repository\org\springframework\spring-context\4.1.1.RELEASE\spring-context-4.1.1.RELEASE.jar;C:\Users\lenovo\.m2\repository\org\springframework\spring-oxm\4.1.1.RELEASE\spring-oxm-4.1.1.RELEASE.jar;C:\Users\lenovo\.m2\repository\org\springframework\spring-tx\4.1.1.RELEASE\spring-tx-4.1.1.RELEASE.jar;C:\Users\lenovo\.m2\repository\org\springframework\spring-jdbc\4.1.1.RELEASE\spring-jdbc-4.1.1.RELEASE.jar;C:\Users\lenovo\.m2\repository\org\springframework\spring-webmvc\4.1.1.RELEASE\spring-webmvc-4.1.1.RELEASE.jar;C:\Users\lenovo\.m2\repository\org\springframework\spring-expression\4.1.1.RELEASE\spring-expression-4.1.1.RELEASE.jar;C:\Users\lenovo\.m2\repository\org\springframework\spring-aop\4.1.1.RELEASE\spring-aop-4.1.1.RELEASE.jar;C:\Users\lenovo\.m2\repository\aopalliance\aopalliance\1.0\aopalliance-1.0.jar;C:\Users\lenovo\.m2\repository\org\springframework\spring-context-support\4.1.1.RELEASE\spring-context-support-4.1.1.RELEASE.jar;C:\Users\lenovo\.m2\repository\org\springframework\spring-test\4.1.1.RELEASE\spring-test-4.1.1.RELEASE.jar;C:\Users\lenovo\.m2\repository\com\alibaba\fastjson\1.2.49\fastjson-1.2.49.jar;"/>
    <property name="java.runtime.version" value="1.7.0_80-b15"/>
    <property name="java.vendor" value="Oracle Corporation"/>
    <property name="sun.management.compiler" value="HotSpot 64-Bit Tiered Compilers"/>
    <property name="sun.arch.data.model" value="64"/>
    <property name="os.arch" value="amd64"/>
    <property name="sun.io.unicode.encoding" value="UnicodeLittle"/>
    <property name="java.awt.printerjob" value="sun.awt.windows.WPrinterJob"/>
    <property name="path.separator" value=";"/>
    <property name="java.runtime.name" value="Java(TM) SE Runtime Environment"/>
    <property name="java.vendor.url" value="http://java.oracle.com/"/>
    <property name="sun.boot.class.path" value="E:\Java\jdk1.7.0_80\jre\lib\resources.jar;E:\Java\jdk1.7.0_80\jre\lib\rt.jar;E:\Java\jdk1.7.0_80\jre\lib\sunrsasign.jar;E:\Java\jdk1.7.0_80\jre\lib\jsse.jar;E:\Java\jdk1.7.0_80\jre\lib\jce.jar;E:\Java\jdk1.7.0_80\jre\lib\charsets.jar;E:\Java\jdk1.7.0_80\jre\lib\jfr.jar;E:\Java\jdk1.7.0_80\jre\classes"/>
    <property name="surefire.real.class.path" value="C:\Users\lenovo\AppData\Local\Temp\surefire4783830086605368761\surefirebooter1597040751167874565.jar"/>
    <property name="java.endorsed.dirs" value="E:\Java\jdk1.7.0_80\jre\lib\endorsed"/>
    <property name="sun.desktop" value="windows"/>
    <property name="java.vm.version" value="24.80-b11"/>
    <property name="os.name" value="Windows 8.1"/>
    <property name="java.vm.specification.version" value="1.7"/>
    <property name="sun.cpu.isalist" value="amd64"/>
    <property name="java.version" value="1.7.0_80"/>
    <property name="java.vm.specification.name" value="Java Virtual Machine Specification"/>
    <property name="java.ext.dirs" value="E:\Java\jdk1.7.0_80\jre\lib\ext;C:\WINDOWS\Sun\Java\lib\ext"/>
    <property name="os.version" value="6.3"/>
    <property name="basedir" value="F:\jp_j2se\startSpring"/>
    <property name="java.library.path" value="E:\Java\jdk1.7.0_80\jre\bin;C:\WINDOWS\Sun\Java\bin;C:\WINDOWS\system32;C:\WINDOWS;E:/Java/jdk1.7.0_80/bin/../jre/bin/server;E:/Java/jdk1.7.0_80/bin/../jre/bin;E:/Java/jdk1.7.0_80/bin/../jre/lib/amd64;C:\Program Files (x86)\Common Files\NetSarang;E:\Java\jdk1.7.0_80\bin;E:\Java\jdk1.7.0_80\jre\bin;E:\Java\apache-maven-3.2.2\bin;C:\Program Files\Git\cmd;C:\WINDOWS\system32;C:\WINDOWS;C:\WINDOWS\System32\Wbem;C:\WINDOWS\System32\WindowsPowerShell\v1.0\;C:\WINDOWS\System32\OpenSSH\;C:\mysql\mysql-8.0.12-winx64\bin;C:\Users\lenovo\AppData\Local\Microsoft\WindowsApps;C:\Program Files\MySQL\MySQL Server 8.0\bin;;E:\Fiddler;E:\eclipse;;."/>
    <property name="java.awt.graphicsenv" value="sun.awt.Win32GraphicsEnvironment"/>
    <property name="java.vm.name" value="Java HotSpot(TM) 64-Bit Server VM"/>
    <property name="user.country" value="CN"/>
  </properties>
  <testcase name="shouldAnswerWithTrue" classname="com.hz.startSpring.AppTest" time="0.004"/>
</testsuite>